[debug] [2024-05-17T12:50:34.567Z] ----------------------------------------------------------------------
[debug] [2024-05-17T12:50:34.569Z] Command:       C:\Users\igor.moreira\.nvm\versions\node\v18.16.0\bin\node.exe C:\Users\igor.moreira\.nvm\versions\node\v18.16.0\bin\node_modules\firebase-tools\lib\bin\firebase.js deploy
[debug] [2024-05-17T12:50:34.570Z] CLI Version:   13.0.1
[debug] [2024-05-17T12:50:34.570Z] Platform:      win32
[debug] [2024-05-17T12:50:34.571Z] Node Version:  v18.16.0
[debug] [2024-05-17T12:50:34.579Z] Time:          Fri May 17 2024 09:50:34 GMT-0300 (Horário Padrão de Brasília)
[debug] [2024-05-17T12:50:34.579Z] ----------------------------------------------------------------------
[debug] 
[debug] [2024-05-17T12:50:34.667Z] > command requires scopes: ["email","openid","https://www.googleapis.com/auth/cloudplatformprojects.readonly","https://www.googleapis.com/auth/firebase","https://www.googleapis.com/auth/cloud-platform"]
[debug] [2024-05-17T12:50:34.668Z] > authorizing via signed-in user (igor2013mgoncalves@gmail.com)
[debug] [2024-05-17T12:50:34.668Z] [iam] checking project medicall-farma for permissions ["firebase.projects.get","firebasehosting.sites.update"]
[debug] [2024-05-17T12:50:34.670Z] > refreshing access token with scopes: []
[debug] [2024-05-17T12:50:34.672Z] >>> [apiv2][query] POST https://www.googleapis.com/oauth2/v3/token [none]
[debug] [2024-05-17T12:50:34.672Z] >>> [apiv2][body] POST https://www.googleapis.com/oauth2/v3/token [omitted]
[debug] [2024-05-17T12:50:34.985Z] <<< [apiv2][status] POST https://www.googleapis.com/oauth2/v3/token 200
[debug] [2024-05-17T12:50:34.985Z] <<< [apiv2][body] POST https://www.googleapis.com/oauth2/v3/token [omitted]
[debug] [2024-05-17T12:50:34.994Z] >>> [apiv2][query] POST https://cloudresourcemanager.googleapis.com/v1/projects/medicall-farma:testIamPermissions [none]
[debug] [2024-05-17T12:50:34.994Z] >>> [apiv2][(partial)header] POST https://cloudresourcemanager.googleapis.com/v1/projects/medicall-farma:testIamPermissions x-goog-quota-user=projects/medicall-farma
[debug] [2024-05-17T12:50:34.994Z] >>> [apiv2][body] POST https://cloudresourcemanager.googleapis.com/v1/projects/medicall-farma:testIamPermissions {"permissions":["firebase.projects.get","firebasehosting.sites.update"]}
[debug] [2024-05-17T12:50:35.956Z] <<< [apiv2][status] POST https://cloudresourcemanager.googleapis.com/v1/projects/medicall-farma:testIamPermissions 200
[debug] [2024-05-17T12:50:35.956Z] <<< [apiv2][body] POST https://cloudresourcemanager.googleapis.com/v1/projects/medicall-farma:testIamPermissions {"permissions":["firebase.projects.get","firebasehosting.sites.update"]}
[debug] [2024-05-17T12:50:35.957Z] >>> [apiv2][query] GET https://firebase.googleapis.com/v1beta1/projects/medicall-farma [none]
[debug] [2024-05-17T12:50:36.430Z] <<< [apiv2][status] GET https://firebase.googleapis.com/v1beta1/projects/medicall-farma 200
[debug] [2024-05-17T12:50:36.431Z] <<< [apiv2][body] GET https://firebase.googleapis.com/v1beta1/projects/medicall-farma {"projectId":"medicall-farma","projectNumber":"560615912268","displayName":"Medicall Farma","name":"projects/medicall-farma","resources":{"hostingSite":"medicall-farma","realtimeDatabaseInstance":"medicall-farma-default-rtdb","storageBucket":"medicall-farma.appspot.com","locationId":"us-central"},"state":"ACTIVE","etag":"1_aa05805a-5b36-4ee0-85ee-685d5d1a7cf6"}
[info] 
   Thank you for trying our early preview of Next.js support on Firebase Hosting.
   During the preview, support is best-effort and breaking changes can be expected. Proceed with caution.
   The integration is known to work with Next.js version 12 - 14.0. You may encounter errors.

   Documentation: https://firebase.google.com/docs/hosting/frameworks/nextjs
   File a bug: https://github.com/firebase/firebase-tools/issues/new?template=bug_report.md
   Submit a feature request: https://github.com/firebase/firebase-tools/issues/new?template=feature_request.md

   We'd love to learn from you. Express your interest in helping us shape the future of Firebase Hosting: https://goo.gle/41enW5X

[info] You are using Node.js 18.16.0. For Next.js, Node.js version >= v18.17.0 is required.

[debug] [2024-05-17T12:50:52.859Z] Error: ENOENT: no such file or directory, open 'C:\Users\igor.moreira\Projetos\medicall-farma\medicall-farma-web\.next\export-marker.json'
[error] 
[error] Error: An unexpected error has occurred.
[debug] [2024-05-17T13:31:28.788Z] ----------------------------------------------------------------------
[debug] [2024-05-17T13:31:28.790Z] Command:       C:\Users\igor.moreira\.nvm\versions\node\v20.11.0\bin\node.exe C:\Users\igor.moreira\.nvm\versions\node\v20.11.0\bin\node_modules\firebase-tools\lib\bin\firebase.js deploy
[debug] [2024-05-17T13:31:28.790Z] CLI Version:   13.1.0
[debug] [2024-05-17T13:31:28.790Z] Platform:      win32
[debug] [2024-05-17T13:31:28.790Z] Node Version:  v20.11.0
[debug] [2024-05-17T13:31:28.790Z] Time:          Fri May 17 2024 10:31:28 GMT-0300 (Horário Padrão de Brasília)
[debug] [2024-05-17T13:31:28.790Z] ----------------------------------------------------------------------
[debug] 
[debug] [2024-05-17T13:31:28.851Z] > command requires scopes: ["email","openid","https://www.googleapis.com/auth/cloudplatformprojects.readonly","https://www.googleapis.com/auth/firebase","https://www.googleapis.com/auth/cloud-platform"]
[debug] [2024-05-17T13:31:28.852Z] > authorizing via signed-in user (igor2013mgoncalves@gmail.com)
[debug] [2024-05-17T13:31:28.852Z] [iam] checking project medicall-farma for permissions ["firebase.projects.get","firebasehosting.sites.update"]
[debug] [2024-05-17T13:31:28.853Z] >>> [apiv2][query] POST https://cloudresourcemanager.googleapis.com/v1/projects/medicall-farma:testIamPermissions [none]
[debug] [2024-05-17T13:31:28.853Z] >>> [apiv2][(partial)header] POST https://cloudresourcemanager.googleapis.com/v1/projects/medicall-farma:testIamPermissions x-goog-quota-user=projects/medicall-farma
[debug] [2024-05-17T13:31:28.853Z] >>> [apiv2][body] POST https://cloudresourcemanager.googleapis.com/v1/projects/medicall-farma:testIamPermissions {"permissions":["firebase.projects.get","firebasehosting.sites.update"]}
[debug] [2024-05-17T13:31:29.874Z] <<< [apiv2][status] POST https://cloudresourcemanager.googleapis.com/v1/projects/medicall-farma:testIamPermissions 200
[debug] [2024-05-17T13:31:29.875Z] <<< [apiv2][body] POST https://cloudresourcemanager.googleapis.com/v1/projects/medicall-farma:testIamPermissions {"permissions":["firebase.projects.get","firebasehosting.sites.update"]}
[debug] [2024-05-17T13:31:29.875Z] >>> [apiv2][query] GET https://firebase.googleapis.com/v1beta1/projects/medicall-farma [none]
[debug] [2024-05-17T13:31:30.378Z] <<< [apiv2][status] GET https://firebase.googleapis.com/v1beta1/projects/medicall-farma 200
[debug] [2024-05-17T13:31:30.378Z] <<< [apiv2][body] GET https://firebase.googleapis.com/v1beta1/projects/medicall-farma {"projectId":"medicall-farma","projectNumber":"560615912268","displayName":"Medicall Farma","name":"projects/medicall-farma","resources":{"hostingSite":"medicall-farma","realtimeDatabaseInstance":"medicall-farma-default-rtdb","storageBucket":"medicall-farma.appspot.com","locationId":"us-central"},"state":"ACTIVE","etag":"1_aa05805a-5b36-4ee0-85ee-685d5d1a7cf6"}
[info] 
   Thank you for trying our early preview of Next.js support on Firebase Hosting.
   During the preview, support is best-effort and breaking changes can be expected. Proceed with caution.
   The integration is known to work with Next.js version 12 - 14.0. You may encounter errors.

   Documentation: https://firebase.google.com/docs/hosting/frameworks/nextjs
   File a bug: https://github.com/firebase/firebase-tools/issues/new?template=bug_report.md
   Submit a feature request: https://github.com/firebase/firebase-tools/issues/new?template=feature_request.md

   We'd love to learn from you. Express your interest in helping us shape the future of Firebase Hosting: https://goo.gle/41enW5X

[debug] [2024-05-17T13:31:40.751Z] >>> [apiv2][query] GET https://firebasehosting.googleapis.com/v1beta1/projects/medicall-farma/sites/medicall-farma [none]
[debug] [2024-05-17T13:31:42.106Z] <<< [apiv2][status] GET https://firebasehosting.googleapis.com/v1beta1/projects/medicall-farma/sites/medicall-farma 200
[debug] [2024-05-17T13:31:42.106Z] <<< [apiv2][body] GET https://firebasehosting.googleapis.com/v1beta1/projects/medicall-farma/sites/medicall-farma {"name":"projects/medicall-farma/sites/medicall-farma","defaultUrl":"https://medicall-farma.web.app","appId":"1:560615912268:web:1cf85af05418c3e91895e9","type":"DEFAULT_SITE"}
[info]    ▲ Next.js 14.1.4

[info]    - Environments: .env


[info]    Creating an optimized production build ...

[info] uncaughtException [Error: EPERM: operation not permitted, open 'C:\Users\igor.moreira\Projetos\medicall-farma\medicall-farma-web\.next\trace'] {
  errno: -4048,
  code: 'EPERM',
  syscall: 'open',
  path: 'C:\\Users\\igor.moreira\\Projetos\\medicall-farma\\medicall-farma-web\\.next\\trace'
}

[debug] [2024-05-17T13:31:53.478Z] Error: ENOENT: no such file or directory, open 'C:\Users\igor.moreira\Projetos\medicall-farma\medicall-farma-web\.next\server\middleware-manifest.json'
[error] 
[error] Error: An unexpected error has occurred.
